Database System Concepts-McGraw-Hill
Abraham Silberschatz, Henry Korth, S. Sudarshan
45.50
Access path selection in a relational database management system
Unknown
1.20
Advanced Lectures on Software Engineering LASER Summer School  
Peter Mülleand Tony Hoare
15.67
Agile database techniques effective strategies for the agile software developer 
Scott Ambler
5.99
Algorithms in C, Part 5 Graph Algorithms 
Sedgewick Robert
55.5
Algorithms in C, Parts 1-4 Fundamentals, Data Structures, Sorting, Searching
Sedgewick Robert
45.90
Altruistic Locking
Unknown
1.99
An Almost-Serial Protocol for Transaction Execution in Main-Memory Database Systems
Unknown
2.99
The Authorization Mechanism for a Relational Database System
Unknown
2.00
Introduction to Database Systems 
C.J. Date
45.45
Overview and Analysis of TSQL2
Unknown
1.00
