
C67o111m109p112l108e101t116e101 32L76
i105s115t116 32o111f102 32A65S83C67
i105i105 32c99o111d100e101s115\t9  32
 32 32F70o111r114m109a97t116:58 32
p112l108a97i105n110 32t116e101x120t116
\t9 w119w119w119.46t116h104e101a97s115
c99i105i105c99o111d100e101.46c99o111
m109.46a97r114\n
10 32 32 32 32\n
10
\t9 \t9 \t9 \n
10\t9 s115y121m109b98o111
l108\t9 \t9 \t9 \t9 \n
10a97s115c99i105
i105 32c99o111d100e101\t9 048\t9 N78
U85L76L76\t9 (40N78u117l108l108 32
c99h104a97r114a97c99t116e101r114)41
\t9 \t9 \t9 \n
10a97s115c99i105i105 32
c99o111d100e101\t9 149\t9 S83O79H72
\t9 (40S83t116a97r114t116 32o111f102
 32H72e101a97d100e101r114)41\t9 \t9 
\t9 \n
10a97s115c99i105i105 32c99o111
d100e101\t9 250\t9 S83T84X88\t9 (40
S83t116a97r114t116 32o111f102 32T84
e101x120t116)41\t9 \t9 \t9 \n
10a97s115
c99i105i105 32c99o111d100e101\t9 351
\t9 E69T84X88\t9 (40E69n110d100 32
o111f102 32T84e101x120t116)41\t9 \t9 
\t9 \n
10a97s115c99i105i105 32c99o111
d100e101\t9 452\t9 E69O79T84\t9 (40
E69n110d100 32o111f102 32T84r114a97
n110s115m109i105s115s115i105o111n110)41
\t9 \t9 \t9 \n
10a97s115c99i105i105 32
c99o111d100e101\t9 553\t9 E69N78Q81
\t9 (40E69n110q113u117i105r114y121)41
\t9 \t9 \t9 \n
10a97s115c99i105i105 32
c99o111d100e101\t9 654\t9 A65C67K75
\t9 (40A65c99k107n110o111w119l108e101
d100g103e101m109e101n110t116)41\t9 \t9 
\t9 \n
10a97s115c99i105i105 32c99o111
d100e101\t9 755\t9 B66E69L76\t9 (40
B66e101l108l108)41\t9 \t9 \t9 \n
10a97
s115c99i105i105 32c99o111d100e101\t9 
856\t9 B66S83\t9 (40B66a97c99k107
s115p112a97c99e101)41\t9 \t9 \t9 \n
10
a97s115c99i105i105 32c99o111d100e101
\t9 957\t9 H72T84\t9 (40H72o111r114
i105z122o111n110t116a97l108 32T84a97
b98)41\t9 \t9 \t9 \n
10a97s115c99i105
i105 32c99o111d100e101\t9 149048\t9 
L76F70\t9 (40L76i105n110e101 32f102
e101e101d100)41\t9 \t9 \t9 \n
10a97s115
c99i105i105 32c99o111d100e101\t9 149
149\t9 V86T84\t9 (40V86e101r114t116
i105c99a97l108 32T84a97b98)41\t9 
\t9 \t9 \n
10a97s115c99i105i105 32c99
o111d100e101\t9 149250\t9 F70F70\t9 
(40F70o111r114m109 32f102e101e101d100
)41\t9 \t9 \t9 \n
10a97s115c99i105i105
 32c99o111d100e101\t9 149351\t9 C67
R82\t9 (40C67a97r114r114i105a97g103
e101 32r114e101t116u117r114n110)41\t9 
\t9 \t9 \n
10a97s115c99i105i105 32c99
o111d100e101\t9 149452\t9 S83O79\t9 
(40S83h104i105f102t116 32O79u117t116
)41\t9 \t9 \t9 \n
10a97s115c99i105i105
 32c99o111d100e101\t9 149553\t9 S83
I73\t9 (40S83h104i105f102t116 32I73
n110)41\t9 \t9 \t9 \n
10a97s115c99i105
i105 32c99o111d100e101\t9 149654\t9 
D68L76E69\t9 (40D68a97t116a97 32
l108i105n110k107 32e101s115c99a97p112
e101)41\t9 \t9 \t9 \n
10a97s115c99i105
i105 32c99o111d100e101\t9 149755\t9 
D68C67149\t9 (40D68e101v118i105c99
e101 32c99o111n110t116r114o111l108 32
149)41\t9 \t9 \t9 \n
10a97s115c99i105
i105 32c99o111d100e101\t9 149856\t9 
D68C67250\t9 (40D68e101v118i105c99
e101 32c99o111n110t116r114o111l108 32
250)41\t9 \t9 \t9 \n
10a97s115c99i105
i105 32c99o111d100e101\t9 149957\t9 
D68C67351\t9 (40D68e101v118i105c99
e101 32c99o111n110t116r114o111l108 32
351)41\t9 \t9 \t9 \n
10a97s115c99i105
i105 32c99o111d100e101\t9 250048\t9 
D68C67452\t9 (40D68e101v118i105c99
e101 32c99o111n110t116r114o111l108 32
452)41\t9 \t9 \t9 \n
10a97s115c99i105
i105 32c99o111d100e101\t9 250149\t9 
N78A65K75\t9 (40N78e101g103a97t116
i105v118e101 32a97c99k107n110o111w119
l108e101d100g103e101m109e101n110t116)41
\t9 \t9 \t9 \n
10a97s115c99i105i105 32
c99o111d100e101\t9 250250\t9 S83Y89
N78\t9 (40S83y121n110c99h104r114o111
n110o111u117s115 32i105d100l108e101)41
\t9 \t9 \t9 \n
10a97s115c99i105i105 32
c99o111d100e101\t9 250351\t9 E69T84
B66\t9 (40E69n110d100 32o111f102 32
t116r114a97n110s115m109i105s115s115i105
o111n110 32b98l108o111c99k107)41\t9 
\t9 \t9 \n
10a97s115c99i105i105 32c99
o111d100e101\t9 250452\t9 C67A65N78
\t9 (40C67a97n110c99e101l108)41\t9 
\t9 \t9 \n
10a97s115c99i105i105 32c99
o111d100e101\t9 250553\t9 E69M77\t9 
(40E69n110d100 32o111f102 32m109e101
d100i105u117m109)41\t9 \t9 \t9 \n
10a97
s115c99i105i105 32c99o111d100e101\t9 
250654\t9 S83U85B66\t9 (40S83u117
b98s115t116i105t116u117t116e101)41\t9 
\t9 \t9 \n
10a97s115c99i105i105 32c99
o111d100e101\t9 250755\t9 E69S83C67
\t9 (40E69s115c99a97p112e101)41\t9 
\t9 \t9 \n
10a97s115c99i105i105 32c99
o111d100e101\t9 250856\t9 F70S83\t9 
(40F70i105l108e101 32s115e101p112a97
r114a97t116o111r114)41\t9 \t9 \t9 \n
10
a97s115c99i105i105 32c99o111d100e101
\t9 250957\t9 G71S83\t9 (40G71r114
o111u117p112 32s115e101p112a97r114a97
t116o111r114)41\t9 \t9 \t9 \n
10a97s115
c99i105i105 32c99o111d100e101\t9 351
048\t9 R82S83\t9 (40R82e101c99o111
r114d100 32s115e101p112a97r114a97t116
o111r114)41\t9 \t9 \t9 \n
10a97s115c99
i105i105 32c99o111d100e101\t9 351149
\t9 U85S83\t9 (40U85n110i105t116 32
s115e101p112a97r114a97t116o111r114)41
\t9 \t9 \t9 \n
10\t9 \t9 \t9 \n
10a97s115
c99i105i105 32c99o111d100e101\t9 351
250\t9  32\t9 (40s115p112a97c99e101
)41\t9 \t9 \t9 \n
10a97s115c99i105i105
 32c99o111d100e101\t9 351351\t9 !33
\t9 (40e101x120c99l108a97m109a97t116
i105o111n110 32m109a97r114k107)41\t9 
\t9 \t9 \n
10a97s115c99i105i105 32c99
o111d100e101\t9 351452\t9 "34\t9 (40
Q81u117o111t116a97t116i105o111n110 32
m109a97r114k107)41\t9 \t9 \t9 \n
10a97
s115c99i105i105 32c99o111d100e101\t9 
351553\t9 #35\t9 (40N78u117m109b98
e101r114 32s115i105g103n110)41\t9 \t9 
\t9 \n
10a97s115c99i105i105 32c99o111
d100e101\t9 351654\t9 $36\t9 (40D68
o111l108l108a97r114 32s115i105g103n110
)41\t9 \t9 \t9 \n
10a97s115c99i105i105
 32c99o111d100e101\t9 351755\t9 %37
\t9 (40P80e101r114c99e101n110t116 32
s115i105g103n110)41\t9 \t9 \t9 \n
10a97
s115c99i105i105 32c99o111d100e101\t9 
351856\t9 &38\t9 (40A65m109p112e101
r114s115a97n110d100)41\t9 \t9 \t9 \n
10
a97s115c99i105i105 32c99o111d100e101
\t9 351957\t9 '39\t9 (40A65p112o111
s115t116r114o111p112h104e101)41\t9 \t9 
\t9 \n
10a97s115c99i105i105 32c99o111
d100e101\t9 452048\t9 (40\t9 (40r114
o111u117n110d100 32b98r114a97c99k107
e101t116s115 32o111r114 32p112a97r114
e101n110t116h104e101s115e101s115)41\t9 
\t9 \t9 \n
10a97s115c99i105i105 32c99
o111d100e101\t9 452149\t9 )41\t9 (40
r114o111u117n110d100 32b98r114a97c99
k107e101t116s115 32o111r114 32p112a97
r114e101n110t116h104e101s115e101s115)41
\t9 \t9 \t9 \n
10a97s115c99i105i105 32
c99o111d100e101\t9 452250\t9 *42\t9 
(40A65s115t116e101r114i105s115k107)41
\t9 \t9 \t9 \n
10a97s115c99i105i105 32
c99o111d100e101\t9 452351\t9 +43\t9 
(40P80l108u117s115 32s115i105g103n110
)41\t9 \t9 \t9 \n
10a97s115c99i105i105
 32c99o111d100e101\t9 452452\t9 ,44
\t9 (40C67o111m109m109a97)41\t9 \t9 
\t9 \n
10a97s115c99i105i105 32c99o111
d100e101\t9 452553\t9 -45\t9 (40H72
y121p112h104e101n110)41\t9 \t9 \t9 \n
10
a97s115c99i105i105 32c99o111d100e101
\t9 452654\t9 .46\t9 (40F70u117l108
l108 32s115t116o111p112 32,44 32d100
o111t116)41\t9 \t9 \t9 \n
10a97s115c99
i105i105 32c99o111d100e101\t9 452755
\t9 /47\t9 (40S83l108a97s115h104)41
\t9 \t9 \t9 \n
10a97s115c99i105i105 32
c99o111d100e101\t9 452856\t9 048\t9 
(40n110u117m109b98e101r114 32z122e101
r114o111)41\t9 \t9 \t9 \n
10a97s115c99
i105i105 32c99o111d100e101\t9 452957
\t9 149\t9 (40n110u117m109b98e101r114
 32o111n110e101)41\t9 \t9 \t9 \n
10a97
s115c99i105i105 32c99o111d100e101\t9 
553048\t9 250\t9 (40n110u117m109b98
e101r114 32t116w119o111)41\t9 \t9 \t9 
\n
10a97s115c99i105i105 32c99o111d100
e101\t9 553149\t9 351\t9 (40n110u117
m109b98e101r114 32t116h104r114e101e101
)41\t9 \t9 \t9 \n
10a97s115c99i105i105
 32c99o111d100e101\t9 553250\t9 452
\t9 (40n110u117m109b98e101r114 32f102
o111u117r114)41\t9 \t9 \t9 \n
10a97s115
c99i105i105 32c99o111d100e101\t9 553
351\t9 553\t9 (40n110u117m109b98e101
r114 32f102i105v118e101)41\t9 \t9 \t9 
\n
10a97s115c99i105i105 32c99o111d100
e101\t9 553452\t9 654\t9 (40n110u117
m109b98e101r114 32s115i105x120)41\t9 
\t9 \t9 \n
10a97s115c99i105i105 32c99
o111d100e101\t9 553553\t9 755\t9 (40
n110u117m109b98e101r114 32s115e101v118
e101n110)41\t9 \t9 \t9 \n
10a97s115c99
i105i105 32c99o111d100e101\t9 553654
\t9 856\t9 (40n110u117m109b98e101r114
 32e101i105g103h104t116)41\t9 \t9 \t9 
\n
10a97s115c99i105i105 32c99o111d100
e101\t9 553755\t9 957\t9 (40n110u117
m109b98e101r114 32n110i105n110e101)41
\t9 \t9 \t9 \n
10a97s115c99i105i105 32
c99o111d100e101\t9 553856\t9 :58\t9 
(40C67o111l108o111n110)41\t9 \t9 \t9 
\n
10a97s115c99i105i105 32c99o111d100
e101\t9 553957\t9 ;59\t9 (40S83e101
m109i105c99o111l108o111n110)41\t9 \t9 
\t9 \n
10a97s115c99i105i105 32c99o111
d100e101\t9 654048\t9 <60\t9 (40L76
e101s115s115-45t116h104a97n110 32s115
i105g103n110 32)41\t9 \t9 \t9 \n
10a97
s115c99i105i105 32c99o111d100e101\t9 
654149\t9 =61\t9 (40E69q113u117a97
l108s115 32s115i105g103n110)41\t9 \t9 
\t9 \n
10a97s115c99i105i105 32c99o111
d100e101\t9 654250\t9 >62\t9 (40G71
r114e101a97t116e101r114-45t116h104a97
n110 32s115i105g103n110 32;59 32I73
n110e101q113u117a97l108i105t116y121)41
 32\t9 \t9 \t9 \n
10a97s115c99i105i105
 32c99o111d100e101\t9 654351\t9 ?63
\t9 (40Q81u117e101s115t116i105o111n110
 32m109a97r114k107)41\t9 \t9 \t9 \n
10
a97s115c99i105i105 32c99o111d100e101
\t9 654452\t9 @64\t9 (40A65t116 32
s115i105g103n110)41\t9 \t9 \t9 \n
10a97
s115c99i105i105 32c99o111d100e101\t9 
654553\t9 A65\t9 (40C67a97p112i105
t116a97l108 32A65 32)41\t9 \t9 \t9 
\n
10a97s115c99i105i105 32c99o111d100
e101\t9 654654\t9 B66\t9 (40C67a97
p112i105t116a97l108 32B66 32)41\t9 
\t9 \t9 \n
10a97s115c99i105i105 32c99
o111d100e101\t9 654755\t9 C67\t9 (40
C67a97p112i105t116a97l108 32C67 32
)41\t9 \t9 \t9 \n
10a97s115c99i105i105
 32c99o111d100e101\t9 654856\t9 D68
\t9 (40C67a97p112i105t116a97l108 32
D68 32)41\t9 \t9 \t9 \n
10a97s115c99
i105i105 32c99o111d100e101\t9 654957
\t9 E69\t9 (40C67a97p112i105t116a97
l108 32E69 32)41\t9 \t9 \t9 \n
10a97
s115c99i105i105 32c99o111d100e101\t9 
755048\t9 F70\t9 (40C67a97p112i105
t116a97l108 32F70 32)41\t9 \t9 \t9 
\n
10a97s115c99i105i105 32c99o111d100
e101\t9 755149\t9 G71\t9 (40C67a97
p112i105t116a97l108 32G71 32)41\t9 
\t9 \t9 \n
10a97s115c99i105i105 32c99
o111d100e101\t9 755250\t9 H72\t9 (40
C67a97p112i105t116a97l108 32H72 32
)41\t9 \t9 \t9 \n
10a97s115c99i105i105
 32c99o111d100e101\t9 755351\t9 I73
\t9 (40C67a97p112i105t116a97l108 32
I73 32)41\t9 \t9 \t9 \n
10a97s115c99
i105i105 32c99o111d100e101\t9 755452
\t9 J74\t9 (40C67a97p112i105t116a97
l108 32J74 32)41\t9 \t9 \t9 \n
10a97
s115c99i105i105 32c99o111d100e101\t9 
755553\t9 K75\t9 (40C67a97p112i105
t116a97l108 32K75 32)41\t9 \t9 \t9 
\n
10a97s115c99i105i105 32c99o111d100
e101\t9 755654\t9 L76\t9 (40C67a97
p112i105t116a97l108 32L76 32)41\t9 
\t9 \t9 \n
10a97s115c99i105i105 32c99
o111d100e101\t9 755755\t9 M77\t9 (40
C67a97p112i105t116a97l108 32M77 32
)41\t9 \t9 \t9 \n
10a97s115c99i105i105
 32c99o111d100e101\t9 755856\t9 N78
\t9 (40C67a97p112i105t116a97l108 32
N78 32)41\t9 \t9 \t9 \n
10a97s115c99
i105i105 32c99o111d100e101\t9 755957
\t9 O79\t9 (40C67a97p112i105t116a97
l108 32O79 32)41\t9 \t9 \t9 \n
10a97
s115c99i105i105 32c99o111d100e101\t9 
856048\t9 P80\t9 (40C67a97p112i105
t116a97l108 32P80 32)41\t9 \t9 \t9 
\n
10a97s115c99i105i105 32c99o111d100
e101\t9 856149\t9 Q81\t9 (40C67a97
p112i105t116a97l108 32Q81 32)41\t9 
\t9 \t9 \n
10a97s115c99i105i105 32c99
o111d100e101\t9 856250\t9 R82\t9 (40
C67a97p112i105t116a97l108 32R82 32
)41\t9 \t9 \t9 \n
10a97s115c99i105i105
 32c99o111d100e101\t9 856351\t9 S83
\t9 (40C67a97p112i105t116a97l108 32
S83 32)41\t9 \t9 \t9 \n
10a97s115c99
i105i105 32c99o111d100e101\t9 856452
\t9 T84\t9 (40C67a97p112i105t116a97
l108 32T84 32)41\t9 \t9 \t9 \n
10a97
s115c99i105i105 32c99o111d100e101\t9 
856553\t9 U85\t9 (40C67a97p112i105
t116a97l108 32U85 32)41\t9 \t9 \t9 
\n
10a97s115c99i105i105 32c99o111d100
e101\t9 856654\t9 V86\t9 (40C67a97
p112i105t116a97l108 32V86 32)41\t9 
\t9 \t9 \n
10a97s115c99i105i105 32c99
o111d100e101\t9 856755\t9 W87\t9 (40
C67a97p112i105t116a97l108 32W87 32
)41\t9 \t9 \t9 \n
10a97s115c99i105i105
 32c99o111d100e101\t9 856856\t9 X88
\t9 (40C67a97p112i105t116a97l108 32
X88 32)41\t9 \t9 \t9 \n
10a97s115c99
i105i105 32c99o111d100e101\t9 856957
\t9 Y89\t9 (40C67a97p112i105t116a97
l108 32Y89 32)41\t9 \t9 \t9 \n
10a97
s115c99i105i105 32c99o111d100e101\t9 
957048\t9 Z90\t9 (40C67a97p112i105
t116a97l108 32Z90 32)41\t9 \t9 \t9 
\n
10a97s115c99i105i105 32c99o111d100
e101\t9 957149\t9 [91\t9 (40s115q113
u117a97r114e101 32b98r114a97c99k107
e101t116s115 32o111r114 32b98o111x120
 32b98r114a97c99k107e101t116s115)41
\t9 \t9 \t9 \n
10a97s115c99i105i105 32
c99o111d100e101\t9 957250\t9 \92\t9 
(40B66a97c99k107s115l108a97s115h104
)41\t9 \t9 \t9 \n
10a97s115c99i105i105
 32c99o111d100e101\t9 957351\t9 ]93
\t9 (40s115q113u117a97r114e101 32b98
r114a97c99k107e101t116s115 32o111r114
 32b98o111x120 32b98r114a97c99k107
e101t116s115)41\t9 \t9 \t9 \n
10a97s115
c99i105i105 32c99o111d100e101\t9 957
452\t9 ^94\t9 (40C67a97r114e101t116
 32o111r114 32c99i105r114c99u117m109
f102l108e101x120 32a97c99c99e101n110
t116)41\t9 \t9 \t9 \n
10a97s115c99i105
i105 32c99o111d100e101\t9 957553\t9 
_95\t9 (40u117n110d100e101r114s115c99
o111r114e101 32,44 32u117n110d100e101
r114s115t116r114i105k107e101 32,44 32
u117n110d100e101r114b98a97r114 32o111
r114 32l108o111w119 32l108i105n110e101
)41\t9 \t9 \t9 \n
10a97s115c99i105i105
 32c99o111d100e101\t9 957654\t9 `96
\t9 (40G71r114a97v118e101 32a97c99
c99e101n110t116)41\t9 \t9 \t9 \n
10a97
s115c99i105i105 32c99o111d100e101\t9 
957755\t9 a97\t9 (40L76o111w119e101
r114c99a97s115e101 32 32a97 32)41
\t9 \t9 \t9 \n
10a97s115c99i105i105 32
c99o111d100e101\t9 957856\t9 b98\t9 
(40L76o111w119e101r114c99a97s115e101
 32 32b98 32)41\t9 \t9 \t9 \n
10a97
s115c99i105i105 32c99o111d100e101\t9 
957957\t9 c99\t9 (40L76o111w119e101
r114c99a97s115e101 32 32c99 32)41
\t9 \t9 \t9 \n
10a97s115c99i105i105 32
c99o111d100e101\t9 149048048\t9 d100
\t9 (40L76o111w119e101r114c99a97s115
e101 32 32d100 32)41\t9 \t9 \t9 \n
10
a97s115c99i105i105 32c99o111d100e101
\t9 149048149\t9 e101\t9 (40L76o111
w119e101r114c99a97s115e101 32 32e101
 32)41\t9 \t9 \t9 \n
10a97s115c99i105
i105 32c99o111d100e101\t9 149048250
\t9 f102\t9 (40L76o111w119e101r114c99
a97s115e101 32 32f102 32)41\t9 \t9 
\t9 \n
10a97s115c99i105i105 32c99o111
d100e101\t9 149048351\t9 g103\t9 (40
L76o111w119e101r114c99a97s115e101 32
 32g103 32)41\t9 \t9 \t9 \n
10a97s115
c99i105i105 32c99o111d100e101\t9 149
048452\t9 h104\t9 (40L76o111w119e101
r114c99a97s115e101 32 32h104 32)41
\t9 \t9 \t9 \n
10a97s115c99i105i105 32
c99o111d100e101\t9 149048553\t9 i105
\t9 (40L76o111w119e101r114c99a97s115
e101 32 32i105 32)41\t9 \t9 \t9 \n
10
a97s115c99i105i105 32c99o111d100e101
\t9 149048654\t9 j106\t9 (40L76o111
w119e101r114c99a97s115e101 32 32j106
 32)41\t9 \t9 \t9 \n
10a97s115c99i105
i105 32c99o111d100e101\t9 149048755
\t9 k107\t9 (40L76o111w119e101r114c99
a97s115e101 32 32k107 32)41\t9 \t9 
\t9 \n
10a97s115c99i105i105 32c99o111
d100e101\t9 149048856\t9 l108\t9 (40
L76o111w119e101r114c99a97s115e101 32
 32l108 32)41\t9 \t9 \t9 \n
10a97s115
c99i105i105 32c99o111d100e101\t9 149
048957\t9 m109\t9 (40L76o111w119e101
r114c99a97s115e101 32 32m109 32)41
\t9 \t9 \t9 \n
10a97s115c99i105i105 32
c99o111d100e101\t9 149149048\t9 n110
\t9 (40L76o111w119e101r114c99a97s115
e101 32 32n110 32)41\t9 \t9 \t9 \n
10
a97s115c99i105i105 32c99o111d100e101
\t9 149149149\t9 o111\t9 (40L76o111
w119e101r114c99a97s115e101 32 32o111
 32)41\t9 \t9 \t9 \n
10a97s115c99i105
i105 32c99o111d100e101\t9 149149250
\t9 p112\t9 (40L76o111w119e101r114c99
a97s115e101 32 32p112 32)41\t9 \t9 
\t9 \n
10a97s115c99i105i105 32c99o111
d100e101\t9 149149351\t9 q113\t9 (40
L76o111w119e101r114c99a97s115e101 32
 32q113 32)41\t9 \t9 \t9 \n
10a97s115
c99i105i105 32c99o111d100e101\t9 149
149452\t9 r114\t9 (40L76o111w119e101
r114c99a97s115e101 32 32r114 32)41
\t9 \t9 \t9 \n
10a97s115c99i105i105 32
c99o111d100e101\t9 149149553\t9 s115
\t9 (40L76o111w119e101r114c99a97s115
e101 32 32s115 32)41\t9 \t9 \t9 \n
10
a97s115c99i105i105 32c99o111d100e101
\t9 149149654\t9 t116\t9 (40L76o111
w119e101r114c99a97s115e101 32 32t116
 32)41\t9 \t9 \t9 \n
10a97s115c99i105
i105 32c99o111d100e101\t9 149149755
\t9 u117\t9 (40L76o111w119e101r114c99
a97s115e101 32 32u117 32)41\t9 \t9 
\t9 \n
10a97s115c99i105i105 32c99o111
d100e101\t9 149149856\t9 v118\t9 (40
L76o111w119e101r114c99a97s115e101 32
 32v118 32)41\t9 \t9 \t9 \n
10a97s115
c99i105i105 32c99o111d100e101\t9 149
149957\t9 w119\t9 (40L76o111w119e101
r114c99a97s115e101 32 32w119 32)41
\t9 \t9 \t9 \n
10a97s115c99i105i105 32
c99o111d100e101\t9 149250048\t9 x120
\t9 (40L76o111w119e101r114c99a97s115
e101 32 32x120 32)41\t9 \t9 \t9 \n
10
a97s115c99i105i105 32c99o111d100e101
\t9 149250149\t9 y121\t9 (40L76o111
w119e101r114c99a97s115e101 32 32y121
 32)41\t9 \t9 \t9 \n
10a97s115c99i105
i105 32c99o111d100e101\t9 149250250
\t9 z122\t9 (40L76o111w119e101r114c99
a97s115e101 32 32z122 32)41\t9 \t9 
\t9 \n
10a97s115c99i105i105 32c99o111
d100e101\t9 149250351\t9 {123\t9 (40
c99u117r114l108y121 32b98r114a97c99
k107e101t116s115 32o111r114 32b98r114
a97c99e101s115)41\t9 \t9 \t9 \n
10a97
s115c99i105i105 32c99o111d100e101\t9 
149250452\t9 |124\t9 (40v118e101r114
t116i105c99a97l108-45b98a97r114,44
 32v118b98a97r114,44 32v118e101r114
t116i105c99a97l108 32l108i105n110e101
 32o111r114 32v118e101r114t116i105c99
a97l108 32s115l108a97s115h104)41\t9 
\t9 \t9 \n
10a97s115c99i105i105 32c99
o111d100e101\t9 149250553\t9 }125\t9 
(40c99u117r114l108y121 32b98r114a97
c99k107e101t116s115 32o111r114 32b98
r114a97c99e101s115)41\t9 \t9 \t9 \n
10
a97s115c99i105i105 32c99o111d100e101
\t9 149250654\t9 ~126\t9 (40T84i105
l108d100e101 32;59 32s115w119u117n110
g103 32d100a97s115h104)41\t9 \t9 \t9 
\n
10a97s115c99i105i105 32c99o111d100
e101\t9 149250755\t9 D68E69L76\t9 
(40D68e101l108e101t116e101)41\t9 \t9 
\t9 \n
10\t9 \t9 \t9 \n
10a97s115c99i105
i105 32c99o111d100e101\t9 149250856
\t9 Ã195\t9 (40M77a97j106u117s115c99
u117l108e101 32C67-45c99e101d100i105
l108l108a97 32)41\t9 \t9 \t9 \n
10a97
s115c99i105i105 32c99o111d100e101\t9 
149250957\t9 Ã195¼188\t9 (40l108e101
t116t116e101r114 32"34u117"34 32w119
i105t116h104 32u117m109l108a97u117t116
 32o111r114 32d100i105a97e101r114e101
s115i105s115 32;59 32"34u117-45u117
m109l108a97u117t116"34)41\t9 \t9 \t9 
\n
10a97s115c99i105i105 32c99o111d100
e101\t9 149351048\t9 Ã195©169\t9 (40
l108e101t116t116e101r114 32"34e101"34
 32w119i105t116h104 32a97c99u117t116
e101 32a97c99c99e101n110t116 32o111
r114 32"34e101-45a97c99u117t116e101
"34)41\t9 \t9 \t9 \n
10a97s115c99i105
i105 32c99o111d100e101\t9 149351149
\t9 Ã195¢162\t9 (40l108e101t116t116e101
r114 32"34a97"34 32w119i105t116h104
 32c99i105r114c99u117m109f102l108e101
x120 32a97c99c99e101n110t116 32o111
r114 32"34a97-45c99i105r114c99u117
m109f102l108e101x120"34)41\t9 \t9 \t9 
\n
10a97s115c99i105i105 32c99o111d100
e101\t9 149351250\t9 Ã195¤164\t9 (40
l108e101t116t116e101r114 32"34a97"34
 32w119i105t116h104 32u117m109l108a97
u117t116 32o111r114 32d100i105a97e101
r114e101s115i105s115 32;59 32"34a97
-45u117m109l108a97u117t116"34)41\t9 
\t9 \t9 \n
10a97s115c99i105i105 32c99
o111d100e101\t9 149351351\t9 Ã195 160
\t9 (40l108e101t116t116e101r114 32"34
a97"34 32w119i105t116h104 32g103r114
a97v118e101 32a97c99c99e101n110t116
)41\t9 \t9 \t9 \n
10a97s115c99i105i105
 32c99o111d100e101\t9 149351452\t9 
Ã195¥165\t9 (40l108e101t116t116e101r114
 32"34a97"34 32 32w119i105t116h104
 32a97 32r114i105n110g103)41\t9 \t9 
\t9 \n
10a97s115c99i105i105 32c99o111
d100e101\t9 149351553\t9 Ã195§167\t9 
(40M77i105n110u117s115c99u117l108e101
 32c99-45c99e101d100i105l108l108a97
)41\t9 \t9 \t9 \n
10a97s115c99i105i105
 32c99o111d100e101\t9 149351654\t9 
Ã195ª170\t9 (40l108e101t116t116e101r114
 32"34e101"34 32w119i105t116h104 32
c99i105r114c99u117m109f102l108e101x120
 32a97c99c99e101n110t116 32o111r114
 32"34e101-45c99i105r114c99u117m109
f102l108e101x120"34)41\t9 \t9 \t9 \n
10
a97s115c99i105i105 32c99o111d100e101
\t9 149351755\t9 Ã195«171\t9 (40l108
e101t116t116e101r114 32"34e101"34 32
w119i105t116h104 32u117m109l108a97u117
t116 32o111r114 32d100i105a97e101r114
e101s115i105s115 32;59 32"34e101-45
u117m109l108a97u117t116"34)41\t9 \t9 
\t9 \n
10a97s115c99i105i105 32c99o111
d100e101\t9 149351856\t9 Ã195¨168\t9 
(40l108e101t116t116e101r114 32"34e101
"34 32w119i105t116h104 32g103r114a97
v118e101 32a97c99c99e101n110t116)41
\t9 \t9 \t9 \n
10a97s115c99i105i105 32
c99o111d100e101\t9 149351957\t9 Ã195
¯175\t9 (40l108e101t116t116e101r114 32
"34i105"34 32w119i105t116h104 32u117
m109l108a97u117t116 32o111r114 32d100
i105a97e101r114e101s115i105s115 32;59
 32"34i105-45u117m109l108a97u117t116
"34)41\t9 \t9 \t9 \n
10a97s115c99i105
i105 32c99o111d100e101\t9 149452048
\t9 Ã195®174\t9 (40l108e101t116t116e101
r114 32"34i105"34 32w119i105t116h104
 32c99i105r114c99u117m109f102l108e101
x120 32a97c99c99e101n110t116 32o111
r114 32"34i105-45c99i105r114c99u117
m109f102l108e101x120"34)41\t9 \t9 \t9 
\n
10a97s115c99i105i105 32c99o111d100
e101\t9 149452149\t9 Ã195¬172\t9 (40
l108e101t116t116e101r114 32"34i105"34
 32w119i105t116h104 32g103r114a97v118
e101 32a97c99c99e101n110t116)41\t9 
\t9 \t9 \n
10a97s115c99i105i105 32c99
o111d100e101\t9 149452250\t9 Ã195\t9 
(40l108e101t116t116e101r114 32"34A65
"34 32w119i105t116h104 32u117m109l108
a97u117t116 32o111r114 32d100i105a97
e101r114e101s115i105s115 32;59 32"34
A65-45u117m109l108a97u117t116"34)41
\t9 \t9 \t9 \n
10a97s115c99i105i105 32
c99o111d100e101\t9 149452351\t9 Ã195
\t9 (40l108e101t116t116e101r114 32"34
A65"34 32 32w119i105t116h104 32a97
 32r114i105n110g103)41\t9 \t9 \t9 \n
10
a97s115c99i105i105 32c99o111d100e101
\t9 149452452\t9 Ã195\t9 (40C67a97
p112i105t116a97l108 32l108e101t116t116
e101r114 32"34E69"34 32w119i105t116
h104 32a97c99u117t116e101 32a97c99
c99e101n110t116 32o111r114 32"34E69
-45a97c99u117t116e101"34)41\t9 \t9 
\t9 \n
10a97s115c99i105i105 32c99o111
d100e101\t9 149452553\t9 Ã195¦166\t9 
(40L76a97t116i105n110 32d100i105p112
h104t116h104o111n110g103 32"34a97e101
"34)41\t9 \t9 \t9 \n
10a97s115c99i105
i105 32c99o111d100e101\t9 149452654
\t9 Ã195\t9 (40L76a97t116i105n110 32
d100i105p112h104t116h104o111n110g103 32
"34A65E69"34)41\t9 \t9 \t9 \n
10a97
s115c99i105i105 32c99o111d100e101\t9 
149452755\t9 Ã195´180\t9 (40l108e101
t116t116e101r114 32"34o111"34 32w119
i105t116h104 32c99i105r114c99u117m109
f102l108e101x120 32a97c99c99e101n110
t116 32o111r114 32"34o111-45c99i105
r114c99u117m109f102l108e101x120"34)41
\t9 \t9 \t9 \n
10a97s115c99i105i105 32
c99o111d100e101\t9 149452856\t9 Ã195
¶182\t9 (40l108e101t116t116e101r114 32
"34o111"34 32w119i105t116h104 32u117
m109l108a97u117t116 32o111r114 32d100
i105a97e101r114e101s115i105s115 32;59
 32"34o111-45u117m109l108a97u117t116
"34)41\t9 \t9 \t9 \n
10a97s115c99i105
i105 32c99o111d100e101\t9 149452957
\t9 Ã195²178\t9 (40l108e101t116t116e101
r114 32"34o111"34 32w119i105t116h104
 32g103r114a97v118e101 32a97c99c99
e101n110t116)41\t9 \t9 \t9 \n
10a97s115
c99i105i105 32c99o111d100e101\t9 149
553048\t9 Ã195»187\t9 (40l108e101t116
t116e101r114 32"34u117"34 32w119i105
t116h104 32c99i105r114c99u117m109f102
l108e101x120 32a97c99c99e101n110t116
 32o111r114 32"34u117-45c99i105r114
c99u117m109f102l108e101x120"34)41\t9 
\t9 \t9 \n
10a97s115c99i105i105 32c99
o111d100e101\t9 149553149\t9 Ã195¹185
\t9 (40l108e101t116t116e101r114 32"34
u117"34 32w119i105t116h104 32g103r114
a97v118e101 32a97c99c99e101n110t116
)41\t9 \t9 \t9 \n
10a97s115c99i105i105
 32c99o111d100e101\t9 149553250\t9 
Ã195¿191\t9 (40l108e101t116t116e101r114
 32"34y121"34 32w119i105t116h104 32
d100i105a97e101r114e101s115i105s115)41
\t9 \t9 \t9 \n
10a97s115c99i105i105 32
c99o111d100e101\t9 149553351\t9 Ã195
\t9 (40l108e101t116t116e101r114 32"34
O79"34 32w119i105t116h104 32u117m109
l108a97u117t116 32o111r114 32d100i105
a97e101r114e101s115i105s115 32;59 32
"34O79-45u117m109l108a97u117t116"34
)41\t9 \t9 \t9 \n
10a97s115c99i105i105
 32c99o111d100e101\t9 149553452\t9 
Ã195\t9 (40l108e101t116t116e101r114 32
"34U85"34 32w119i105t116h104 32u117
m109l108a97u117t116 32o111r114 32d100
i105a97e101r114e101s115i105s115 32;59
 32"34U85-45u117m109l108a97u117t116
"34)41\t9 \t9 \t9 \n
10a97s115c99i105
i105 32c99o111d100e101\t9 149553553
\t9 Ã195¸184\t9 (40s115l108a97s115h104
e101d100 32z122e101r114o111 32o111r114
 32e101m109p112t116y121 32s115e101t116
)41\t9 \t9 \t9 \n
10a97s115c99i105i105
 32c99o111d100e101\t9 149553654\t9 
Â194£163\t9 (40P80o111u117n110d100 32
s115i105g103n110 32;59 32s115y121m109
b98o111l108 32f102o111r114 32t116h104
e101 32p112o111u117n110d100 32s115t116
e101r114l108i105n110g103)41\t9 \t9 \t9 
\n
10a97s115c99i105i105 32c99o111d100
e101\t9 149553755\t9 Ã195\t9 (40s115
l108a97s115h104e101d100 32z122e101r114
o111 32o111r114 32e101m109p112t116y121
 32s115e101t116)41\t9 \t9 \t9 \n
10a97
s115c99i105i105 32c99o111d100e101\t9 
149553856\t9 Ã195\t9 (40m109u117l108
t116i105p112l108i105c99a97t116i105o111
n110 32s115i105g103n110)41\t9 \t9 \t9 
\n
10a97s115c99i105i105 32c99o111d100
e101\t9 149553957\t9 Æ198\t9 (40f102
u117n110c99t116i105o111n110 32s115i105
g103n110 32;59 32f102 32w119i105t116
h104 32h104o111o111k107 32s115i105g103
n110 32;59 32f102l108o111r114i105n110
 32s115i105g103n110 32)41\t9 \t9 \t9 
\n
10a97s115c99i105i105 32c99o111d100
e101\t9 149654048\t9 Ã195¡161\t9 (40
l108e101t116t116e101r114 32"34a97"34
 32w119i105t116h104 32a97c99u117t116
e101 32a97c99c99e101n110t116 32o111
r114 32"34a97-45a97c99u117t116e101
"34)41\t9 \t9 \t9 \n
10a97s115c99i105
i105 32c99o111d100e101\t9 149654149
\t9 Ã195­173\t9 (40l108e101t116t116e101
r114 32"34i105"34 32w119i105t116h104
 32a97c99u117t116e101 32a97c99c99
e101n110t116 32o111r114 32"34i105-45
a97c99u117t116e101"34)41\t9 \t9 \t9 
\n
10a97s115c99i105i105 32c99o111d100
e101\t9 149654250\t9 Ã195³179\t9 (40
l108e101t116t116e101r114 32"34o111"34
 32w119i105t116h104 32a97c99u117t116
e101 32a97c99c99e101n110t116 32o111
r114 32"34o111-45a97c99u117t116e101
"34)41\t9 \t9 \t9 \n
10a97s115c99i105
i105 32c99o111d100e101\t9 149654351
\t9 Ã195º186\t9 (40l108e101t116t116e101
r114 32"34u117"34 32w119i105t116h104
 32a97c99u117t116e101 32a97c99c99
e101n110t116 32o111r114 32"34u117-45
a97c99u117t116e101"34)41\t9 \t9 \t9 
\n
10a97s115c99i105i105 32c99o111d100
e101\t9 149654452\t9 Ã195±177\t9 (40
l108e101t116t116e101r114 32"34n110"34
 32w119i105t116h104 32t116i105l108d100
e101 32;59 32e101n110y121e101)41\t9 
\t9 \t9 \n
10a97s115c99i105i105 32c99
o111d100e101\t9 149654553\t9 Ã195\t9 
(40l108e101t116t116e101r114 32"34N78
"34 32w119i105t116h104 32t116i105l108
d100e101 32;59 32e101n110y121e101)41
\t9 \t9 \t9 \n
10a97s115c99i105i105 32
c99o111d100e101\t9 149654654\t9 Â194
ª170\t9 (40f102e101m109i105n110i105n110
e101 32o111r114d100i105n110a97l108 32
i105n110d100i105c99a97t116o111r114 32
)41\t9 \t9 \t9 \n
10a97s115c99i105i105
 32c99o111d100e101\t9 149654755\t9 
Â194º186\t9 (40m109a97s115c99u117l108
i105n110e101 32o111r114d100i105n110a97
l108 32i105n110d100i105c99a97t116o111
r114)41\t9 \t9 \t9 \n
10a97s115c99i105
i105 32c99o111d100e101\t9 149654856
\t9 Â194¿191\t9 (40I73n110v118e101r114
t116e101d100 32q113u117e101s115t116i105
o111n110 32m109a97r114k107s115)41\t9 
\t9 \t9 \n
10a97s115c99i105i105 32c99
o111d100e101\t9 149654957\t9 Â194®174
\t9 (40R82e101g103i105s115t116e101r114
e101d100 32t116r114a97d100e101m109a97
r114k107 32s115y121m109b98o111l108)41
\t9 \t9 \t9 \n
10a97s115c99i105i105 32
c99o111d100e101\t9 149755048\t9 Â194
¬172\t9 (40L76o111g103i105c99a97l108
 32n110e101g103a97t116i105o111n110 32
s115y121m109b98o111l108)41\t9 \t9 \t9 
\n
10a97s115c99i105i105 32c99o111d100
e101\t9 149755149\t9 Â194½189\t9 (40
O79n110e101 32h104a97l108f102)41\t9 
\t9 \t9 \n
10a97s115c99i105i105 32c99
o111d100e101\t9 149755250\t9 Â194¼188
\t9 (40Q81u117a97r114t116e101r114 32
o111r114 32 32o111n110e101 32f102o111
u117r114t116h104)41\t9 \t9 \t9 \n
10a97
s115c99i105i105 32c99o111d100e101\t9 
149755351\t9 Â194¡161\t9 (40I73n110
v118e101r114t116e101d100 32e101x120c99
l108a97m109a97t116i105o111n110 32m109
a97r114k107s115)41\t9 \t9 \t9 \n
10a97
s115c99i105i105 32c99o111d100e101\t9 
149755452\t9 Â194«171\t9 (40G71u117
i105l108l108e101m109e101t116s115 32o111
r114 32 32a97n110g103l108e101 32q113
u117o111t116e101s115)41\t9 \t9 \t9 \n
10
a97s115c99i105i105 32c99o111d100e101
\t9 149755553\t9 Â194»187\t9 (40G71
u117i105l108l108e101m109e101t116s115 32
o111r114 32 32a97n110g103l108e101 32
q113u117o111t116e101s115)41\t9 \t9 \t9 
\n
10a97s115c99i105i105 32c99o111d100
e101\t9 149755654\t9 â226\t9 \t9 \t9 
\t9 \n
10a97s115c99i105i105 32c99o111
d100e101\t9 149755755\t9 â226\t9 \t9 
\t9 \t9 \n
10a97s115c99i105i105 32c99
o111d100e101\t9 149755856\t9 â226\t9 
\t9 \t9 \t9 \n
10a97s115c99i105i105 32
c99o111d100e101\t9 149755957\t9 â226
\t9 (40B66o111x120 32d100r114a97w119
i105n110g103 32c99h104a97r114a97c99
t116e101r114)41\t9 \t9 \t9 \n
10a97s115
c99i105i105 32c99o111d100e101\t9 149
856048\t9 â226¤164\t9 (40B66o111x120
 32d100r114a97w119i105n110g103 32c99
h104a97r114a97c99t116e101r114)41\t9 
\t9 \t9 \n
10a97s115c99i105i105 32c99
o111d100e101\t9 149856149\t9 Ã195\t9 
(40C67a97p112i105t116a97l108 32l108
e101t116t116e101r114 32"34A65"34 32
w119i105t116h104 32a97c99u117t116e101
 32a97c99c99e101n110t116 32o111r114
 32"34A65-45a97c99u117t116e101"34
)41\t9 \t9 \t9 \n
10a97s115c99i105i105
 32c99o111d100e101\t9 149856250\t9 
Ã195\t9 (40l108e101t116t116e101r114 32
"34A65"34 32w119i105t116h104 32c99
i105r114c99u117m109f102l108e101x120 32
a97c99c99e101n110t116 32o111r114 32
"34A65-45c99i105r114c99u117m109f102
l108e101x120"34)41\t9 \t9 \t9 \n
10a97
s115c99i105i105 32c99o111d100e101\t9 
149856351\t9 Ã195\t9 (40l108e101t116
t116e101r114 32"34A65"34 32w119i105
t116h104 32g103r114a97v118e101 32a97
c99c99e101n110t116)41\t9 \t9 \t9 \n
10
a97s115c99i105i105 32c99o111d100e101
\t9 149856452\t9 Â194©169\t9 (40C67
o111p112y121r114i105g103h104t116 32s115
y121m109b98o111l108)41\t9 \t9 \t9 \n
10
a97s115c99i105i105 32c99o111d100e101
\t9 149856553\t9 â226£163\t9 (40B66
o111x120 32d100r114a97w119i105n110g103
 32c99h104a97r114a97c99t116e101r114
)41\t9 \t9 \t9 \n
10a97s115c99i105i105
 32c99o111d100e101\t9 149856654\t9 
â226\t9 (40B66o111x120 32d100r114a97
w119i105n110g103 32c99h104a97r114a97
c99t116e101r114)41\t9 \t9 \t9 \n
10a97
s115c99i105i105 32c99o111d100e101\t9 
149856755\t9 â226\t9 (40B66o111x120
 32d100r114a97w119i105n110g103 32c99
h104a97r114a97c99t116e101r114)41\t9 
\t9 \t9 \n
10a97s115c99i105i105 32c99
o111d100e101\t9 149856856\t9 â226\t9 
(40B66o111x120 32d100r114a97w119i105
n110g103 32c99h104a97r114a97c99t116
e101r114)41\t9 \t9 \t9 \n
10a97s115c99
i105i105 32c99o111d100e101\t9 149856
957\t9 Â194¢162\t9 (40C67e101n110t116
 32s115y121m109b98o111l108)41\t9 \t9 
\t9 \n
10a97s115c99i105i105 32c99o111
d100e101\t9 149957048\t9 Â194¥165\t9 
(40Y89E69N78 32a97n110d100 32Y89
U85A65N78 32s115i105g103n110)41\t9 
\t9 \t9 \n
10a97s115c99i105i105 32c99
o111d100e101\t9 149957149\t9 â226\t9 
(40B66o111x120 32d100r114a97w119i105
n110g103 32c99h104a97r114a97c99t116
e101r114)41\t9 \t9 \t9 \n
10a97s115c99
i105i105 32c99o111d100e101\t9 149957
250\t9 â226\t9 (40B66o111x120 32d100
r114a97w119i105n110g103 32c99h104a97
r114a97c99t116e101r114)41\t9 \t9 \t9 
\n
10a97s115c99i105i105 32c99o111d100
e101\t9 149957351\t9 â226´180\t9 (40
B66o111x120 32d100r114a97w119i105n110
g103 32c99h104a97r114a97c99t116e101
r114)41\t9 \t9 \t9 \n
10a97s115c99i105
i105 32c99o111d100e101\t9 149957452
\t9 â226¬172\t9 (40B66o111x120 32d100
r114a97w119i105n110g103 32c99h104a97
r114a97c99t116e101r114)41\t9 \t9 \t9 
\n
10a97s115c99i105i105 32c99o111d100
e101\t9 149957553\t9 â226\t9 (40B66
o111x120 32d100r114a97w119i105n110g103
 32c99h104a97r114a97c99t116e101r114
)41\t9 \t9 \t9 \n
10a97s115c99i105i105
 32c99o111d100e101\t9 149957654\t9 
â226\t9 (40B66o111x120 32d100r114a97
w119i105n110g103 32c99h104a97r114a97
c99t116e101r114)41\t9 \t9 \t9 \n
10a97
s115c99i105i105 32c99o111d100e101\t9 
149957755\t9 â226¼188\t9 (40B66o111
x120 32d100r114a97w119i105n110g103 32
c99h104a97r114a97c99t116e101r114)41
\t9 \t9 \t9 \n
10a97s115c99i105i105 32
c99o111d100e101\t9 149957856\t9 Ã195
£163\t9 (40l108e101t116t116e101r114 32
"34a97"34 32w119i105t116h104 32t116
i105l108d100e101 32o111r114 32"34a97
-45t116i105l108d100e101"34)41\t9 \t9 
\t9 \n
10a97s115c99i105i105 32c99o111
d100e101\t9 149957957\t9 Ã195\t9 (40
l108e101t116t116e101r114 32"34A65"34
 32w119i105t116h104 32t116i105l108d100
e101 32o111r114 32"34A65-45t116i105
l108d100e101"34)41\t9 \t9 \t9 \n
10a97
s115c99i105i105 32c99o111d100e101\t9 
250048048\t9 â226\t9 (40B66o111x120
 32d100r114a97w119i105n110g103 32c99
h104a97r114a97c99t116e101r114)41\t9 
\t9 \t9 \n
10a97s115c99i105i105 32c99
o111d100e101\t9 250048149\t9 â226\t9 
(40B66o111x120 32d100r114a97w119i105
n110g103 32c99h104a97r114a97c99t116
e101r114)41\t9 \t9 \t9 \n
10a97s115c99
i105i105 32c99o111d100e101\t9 250048
250\t9 â226©169\t9 (40B66o111x120 32
d100r114a97w119i105n110g103 32c99h104
a97r114a97c99t116e101r114)41\t9 \t9 
\t9 \n
10a97s115c99i105i105 32c99o111
d100e101\t9 250048351\t9 â226¦166\t9 
(40B66o111x120 32d100r114a97w119i105
n110g103 32c99h104a97r114a97c99t116
e101r114)41\t9 \t9 \t9 \n
10a97s115c99
i105i105 32c99o111d100e101\t9 250048
452\t9 â226 160\t9 (40B66o111x120 32
d100r114a97w119i105n110g103 32c99h104
a97r114a97c99t116e101r114)41\t9 \t9 
\t9 \n
10a97s115c99i105i105 32c99o111
d100e101\t9 250048553\t9 â226\t9 (40
B66o111x120 32d100r114a97w119i105n110
g103 32c99h104a97r114a97c99t116e101
r114)41\t9 \t9 \t9 \n
10a97s115c99i105
i105 32c99o111d100e101\t9 250048654
\t9 â226¬172\t9 (40B66o111x120 32d100
r114a97w119i105n110g103 32c99h104a97
r114a97c99t116e101r114)41\t9 \t9 \t9 
\n
10a97s115c99i105i105 32c99o111d100
e101\t9 250048755\t9 Â194¤164\t9 (40
g103e101n110e101r114i105c99 32c99u117
r114r114e101n110c99y121 32s115i105g103
n110 32)41\t9 \t9 \t9 \n
10a97s115c99
i105i105 32c99o111d100e101\t9 250048
856\t9 Ã195°176\t9 (40l108o111w119e101
r114c99a97s115e101 32"34e101t116h104
"34)41\t9 \t9 \t9 \n
10a97s115c99i105
i105 32c99o111d100e101\t9 250048957
\t9 Ã195\t9 (40C67a97p112i105t116a97
l108 32l108e101t116t116e101r114 32"34
E69t116h104"34)41\t9 \t9 \t9 \n
10a97
s115c99i105i105 32c99o111d100e101\t9 
250149048\t9 Ã195\t9 (40l108e101t116
t116e101r114 32"34E69"34 32w119i105
t116h104 32c99i105r114c99u117m109f102
l108e101x120 32a97c99c99e101n110t116
 32o111r114 32"34E69-45c99i105r114
c99u117m109f102l108e101x120"34)41\t9 
\t9 \t9 \n
10a97s115c99i105i105 32c99
o111d100e101\t9 250149149\t9 Ã195\t9 
(40l108e101t116t116e101r114 32"34E69
"34 32w119i105t116h104 32u117m109l108
a97u117t116 32o111r114 32d100i105a97
e101r114e101s115i105s115 32;59 32"34
E69-45u117m109l108a97u117t116"34)41
\t9 \t9 \t9 \n
10a97s115c99i105i105 32
c99o111d100e101\t9 250149250\t9 Ã195
\t9 (40l108e101t116t116e101r114 32"34
E69"34 32w119i105t116h104 32g103r114
a97v118e101 32a97c99c99e101n110t116
)41\t9 \t9 \t9 \n
10a97s115c99i105i105
 32c99o111d100e101\t9 250149351\t9 
Ä196±177\t9 (40l108o111w119e101r114c99
a97s115e101 32d100o111t116 32l108e101
s115s115 32i105)41\t9 \t9 \t9 \n
10a97
s115c99i105i105 32c99o111d100e101\t9 
250149452\t9 Ã195\t9 (40C67a97p112
i105t116a97l108 32l108e101t116t116e101
r114 32"34I73"34 32w119i105t116h104
 32a97c99u117t116e101 32a97c99c99
e101n110t116 32o111r114 32"34I73-45
a97c99u117t116e101"34)41\t9 \t9 \t9 
\n
10a97s115c99i105i105 32c99o111d100
e101\t9 250149553\t9 Ã195\t9 (40l108
e101t116t116e101r114 32"34I73"34 32
w119i105t116h104 32c99i105r114c99u117
m109f102l108e101x120 32a97c99c99e101
n110t116 32o111r114 32"34I73-45c99
i105r114c99u117m109f102l108e101x120"34
)41\t9 \t9 \t9 \n
10a97s115c99i105i105
 32c99o111d100e101\t9 250149654\t9 
Ã195\t9 (40l108e101t116t116e101r114 32
"34I73"34 32w119i105t116h104 32u117
m109l108a97u117t116 32o111r114 32d100
i105a97e101r114e101s115i105s115 32;59
 32"34I73-45u117m109l108a97u117t116
"34)41\t9 \t9 \t9 \n
10a97s115c99i105
i105 32c99o111d100e101\t9 250149755
\t9 â226\t9 (40B66o111x120 32d100r114
a97w119i105n110g103 32c99h104a97r114
a97c99t116e101r114)41\t9 \t9 \t9 \n
10
a97s115c99i105i105 32c99o111d100e101
\t9 250149856\t9 â226\t9 (40B66o111
x120 32d100r114a97w119i105n110g103 32
c99h104a97r114a97c99t116e101r114)41
\t9 \t9 \t9 \n
10a97s115c99i105i105 32
c99o111d100e101\t9 250149957\t9 â226
\t9 (40B66l108o111c99k107)41\t9 \t9 
\t9 \n
10a97s115c99i105i105 32c99o111
d100e101\t9 250250048\t9 â226\t9 \t9 
\t9 \t9 \n
10a97s115c99i105i105 32c99
o111d100e101\t9 250250149\t9 Â194¦166
\t9 (40v118e101r114t116i105c99a97l108
 32b98r114o111k107e101n110 32b98a97
r114 32)41\t9 \t9 \t9 \n
10a97s115c99
i105i105 32c99o111d100e101\t9 250250
250\t9 Ã195\t9 (40l108e101t116t116e101
r114 32"34I73"34 32w119i105t116h104
 32g103r114a97v118e101 32a97c99c99
e101n110t116)41\t9 \t9 \t9 \n
10a97s115
c99i105i105 32c99o111d100e101\t9 250
250351\t9 â226\t9 \t9 \t9 \t9 \n
10a97
s115c99i105i105 32c99o111d100e101\t9 
250250452\t9 Ã195\t9 (40C67a97p112
i105t116a97l108 32l108e101t116t116e101
r114 32"34O79"34 32w119i105t116h104
 32a97c99u117t116e101 32a97c99c99
e101n110t116 32o111r114 32"34O79-45
a97c99u117t116e101"34)41\t9 \t9 \t9 
\n
10a97s115c99i105i105 32c99o111d100
e101\t9 250250553\t9 Ã195\t9 (40l108
e101t116t116e101r114 32"34E69s115z122
e101t116t116"34 32;59 32"34s115c99
h104a97r114f102e101s115 32S83"34 32
o111r114 32"34s115h104a97r114p112 32
S83"34)41\t9 \t9 \t9 \n
10a97s115c99
i105i105 32c99o111d100e101\t9 250250
654\t9 Ã195\t9 (40l108e101t116t116e101
r114 32"34O79"34 32w119i105t116h104
 32c99i105r114c99u117m109f102l108e101
x120 32a97c99c99e101n110t116 32o111
r114 32"34O79-45c99i105r114c99u117
m109f102l108e101x120"34)41\t9 \t9 \t9 
\n
10a97s115c99i105i105 32c99o111d100
e101\t9 250250755\t9 Ã195\t9 (40l108
e101t116t116e101r114 32"34O79"34 32
w119i105t116h104 32g103r114a97v118e101
 32a97c99c99e101n110t116)41\t9 \t9 
\t9 \n
10a97s115c99i105i105 32c99o111
d100e101\t9 250250856\t9 Ã195µ181\t9 
(40l108e101t116t116e101r114 32"34o111
"34 32w119i105t116h104 32t116i105l108
d100e101 32o111r114 32"34o111-45t116
i105l108d100e101"34)41\t9 \t9 \t9 \n
10
a97s115c99i105i105 32c99o111d100e101
\t9 250250957\t9 Ã195\t9 (40l108e101
t116t116e101r114 32"34O79"34 32w119
i105t116h104 32t116i105l108d100e101 32
o111r114 32"34O79-45t116i105l108d100
e101"34)41\t9 \t9 \t9 \n
10a97s115c99
i105i105 32c99o111d100e101\t9 250351
048\t9 Â194µ181\t9 (40L76o111w119e101
r114c99a97s115e101 32l108e101t116t116
e101r114 32"34M77u117"34 32;59 32
m109i105c99r114o111 32s115i105g103n110
 32o111r114 32m109i105c99r114o111n110
)41\t9 \t9 \t9 \n
10a97s115c99i105i105
 32c99o111d100e101\t9 250351149\t9 
Ã195¾190\t9 (40c99a97p112i105t116a97
l108 32l108e101t116t116e101r114 32"34
T84h104o111r114n110"34)41\t9 \t9 \t9 
\n
10a97s115c99i105i105 32c99o111d100
e101\t9 250351250\t9 Ã195\t9 (40l108
o111w119e101r114c99a97s115e101 32l108
e101t116t116e101r114 32"34t116h104o111
r114n110"34)41\t9 \t9 \t9 \n
10a97s115
c99i105i105 32c99o111d100e101\t9 250
351351\t9 Ã195\t9 (40C67a97p112i105
t116a97l108 32l108e101t116t116e101r114
 32"34U85"34 32w119i105t116h104 32
a97c99u117t116e101 32a97c99c99e101
n110t116 32o111r114 32"34U85-45a97
c99u117t116e101"34)41\t9 \t9 \t9 \n
10
a97s115c99i105i105 32c99o111d100e101
\t9 250351452\t9 Ã195\t9 (40l108e101
t116t116e101r114 32"34U85"34 32w119
i105t116h104 32c99i105r114c99u117m109
f102l108e101x120 32a97c99c99e101n110
t116 32o111r114 32"34U85-45c99i105
r114c99u117m109f102l108e101x120"34)41
\t9 \t9 \t9 \n
10a97s115c99i105i105 32
c99o111d100e101\t9 250351553\t9 Ã195
\t9 (40l108e101t116t116e101r114 32"34
U85"34 32w119i105t116h104 32g103r114
a97v118e101 32a97c99c99e101n110t116
)41\t9 \t9 \t9 \n
10a97s115c99i105i105
 32c99o111d100e101\t9 250351654\t9 
Ã195½189\t9 (40l108e101t116t116e101r114
 32"34y121"34 32w119i105t116h104 32
a97c99u117t116e101 32a97c99c99e101
n110t116)41\t9 \t9 \t9 \n
10a97s115c99
i105i105 32c99o111d100e101\t9 250351
755\t9 Ã195\t9 (40C67a97p112i105t116
a97l108 32l108e101t116t116e101r114 32
"34Y89"34 32w119i105t116h104 32a97
c99u117t116e101 32a97c99c99e101n110
t116)41\t9 \t9 \t9 \n
10a97s115c99i105
i105 32c99o111d100e101\t9 250351856
\t9 Â194¯175\t9 (40m109a97c99r114o111
n110 32s115y121m109b98o111l108)41\t9 
\t9 \t9 \n
10a97s115c99i105i105 32c99
o111d100e101\t9 250351957\t9 Â194´180
\t9 (40A65c99u117t116e101 32a97c99
c99e101n110t116)41\t9 \t9 \t9 \n
10a97
s115c99i105i105 32c99o111d100e101\t9 
250452048\t9 Â194¬172\t9 (40H72y121
p112h104e101n110)41\t9 \t9 \t9 \n
10a97
s115c99i105i105 32c99o111d100e101\t9 
250452149\t9 Â194±177\t9 (40P80l108
u117s115-45m109i105n110u117s115 32s115
i105g103n110)41\t9 \t9 \t9 \n
10a97s115
c99i105i105 32c99o111d100e101\t9 250
452250\t9 â226\t9 (40u117n110d100e101
r114l108i105n110e101 32o111r114 32u117
n110d100e101r114s115c99o111r114e101)41
\t9 \t9 \t9 \n
10a97s115c99i105i105 32
c99o111d100e101\t9 250452351\t9 Â194
¾190\t9 (40t116h104r114e101e101 32q113
u117a97r114t116e101r114s115)41\t9 \t9 
\t9 \n
10a97s115c99i105i105 32c99o111
d100e101\t9 250452452\t9 Â194¶182\t9 
(40p112a97r114a97g103r114a97p112h104
 32s115i105g103n110 32o111r114 32p112
i105l108c99r114o111w119)41\t9 \t9 \t9 
\n
10a97s115c99i105i105 32c99o111d100
e101\t9 250452553\t9 Â194§167\t9 (40
S83e101c99t116i105o111n110 32s115i105
g103n110)41\t9 \t9 \t9 \n
10a97s115c99
i105i105 32c99o111d100e101\t9 250452
654\t9 Ã195·183\t9 (40T84h104e101 32
d100i105v118i105s115i105o111n110 32s115
i105g103n110 32;59 32O79b98e101l108
u117s115)41\t9 \t9 \t9 \n
10a97s115c99
i105i105 32c99o111d100e101\t9 250452
755\t9 Â194¸184\t9 (40c99e101d100i105
l108l108a97)41\t9 \t9 \t9 \n
10a97s115
c99i105i105 32c99o111d100e101\t9 250
452856\t9 Â194°176\t9 (40d100e101g103
r114e101e101 32s115y121m109b98o111l108
 32)41\t9 \t9 \t9 \n
10a97s115c99i105
i105 32c99o111d100e101\t9 250452957
\t9 Â194¨168\t9 (40D68i105a97e101r114
e101s115i105s115)41\t9 \t9 \t9 \n
10a97
s115c99i105i105 32c99o111d100e101\t9 
250553048\t9 â226¢162\t9 (40I73n110
t116e101r114p112u117n110c99t116 32o111
r114 32s115p112a97c99e101 32d100o111
t116)41\t9 \t9 \t9 \n
10a97s115c99i105
i105 32c99o111d100e101\t9 250553149
\t9 Â194¹185\t9 (40s115u117p112e101r114
s115c99r114i105p112t116 32o111n110e101
)41\t9 \t9 \t9 \n
10a97s115c99i105i105
 32c99o111d100e101\t9 250553250\t9 
Â194³179\t9 (40c99u117b98e101 32o111
r114 32s115u117p112e101r114s115c99r114
i105p112t116 32t116h104r114e101e101)41
\t9 \t9 \t9 \n
10a97s115c99i105i105 32
c99o111d100e101\t9 250553351\t9 Â194
²178\t9 (40S83q113u117a97r114e101 32
o111r114 32s115u117p112e101r114s115c99
r114i105p112t116 32t116w119o111)41\t9 
\t9 \t9 \n
10a97s115c99i105i105 32c99
o111d100e101\t9 250553452\t9 â226 160
\t9 (40b98l108a97c99k107 32s115q113
u117a97r114e101)41\t9 \t9 \t9 \n
10a97
s115c99i105i105 32c99o111d100e101\t9 
250553553\t9 n110b98s115p112\t9 (40
n110o111n110-45b98r114e101a97k107i105
n110g103 32s115p112a97c99e101 32o111
r114 32n110o111-45b98r114e101a97k107
 32s115p112a97c99e101)41\t9 \t9 \t9 
\n
10\t9 \t9 \t9 \n
10\t9 v118i105s115i105
t116 32:58\t9 w119w119w119.46t116h104
e101a97s115c99i105i105c99o111d100e101
.46c99o111m109.46a97r114\n
10\t9 \n
10
